<?xml version="1.0" encoding="UTF-8"?>
<!-- Generated by org.testng.reporters.JUnitReportReporter -->
<testsuite hostname="DESKTOP-HJGT9OH" failures="0" tests="2" name="QAMavenProject.Mavenjava.SeleniumTest" time="0.018" errors="0" timestamp="2024-01-14T21:12:51 IST" skipped="0">
  <testcase classname="QAMavenProject.Mavenjava.SeleniumTest" name="sendMessage" time="0.000"/>
  <system-out/>
  <testcase classname="QAMavenProject.Mavenjava.SeleniumTest" name="deleteMessage" time="0.018"/>
  <system-out/>
</testsuite> <!-- QAMavenProject.Mavenjava.SeleniumTest -->
