<?xml version="1.0" encoding="UTF-8"?>
<!-- Generated by org.testng.reporters.JUnitReportReporter -->
<testsuite hostname="DESKTOP-HJGT9OH" failures="0" tests="2" name="QAMavenProject.Mavenjava.AppiumTest" time="0.009" errors="0" timestamp="2024-01-14T21:15:13 IST" skipped="0">
  <testcase classname="QAMavenProject.Mavenjava.AppiumTest" name="elementUI" time="0.000"/>
  <system-out/>
  <testcase classname="QAMavenProject.Mavenjava.AppiumTest" name="browserAutomation" time="0.009"/>
  <system-out/>
</testsuite> <!-- QAMavenProject.Mavenjava.AppiumTest -->
